


Processing TrackController#show (for 127.0.0.1 at 2007-12-05 21:37:21) [GET]
  Session ID: b23f7d774218804ed0e992f1b84c8033
  Parameters: {"action"=>"show", "id"=>"1", "controller"=>"track"}
  [4;36;1mSQL (0.000157)[0m   [0;1mSET SQL_AUTO_IS_NULL=0[0m
  [4;35;1mTrack Columns (0.002904)[0m   [0mSHOW FIELDS FROM tracks[0m
  [4;36;1mTrack Load (0.000469)[0m   [0;1mSELECT * FROM tracks WHERE (tracks.`id` = 1) [0m
Rendering  within layouts/track
Rendering track/show
  [4;35;1mArea Columns (0.001770)[0m   [0mSHOW FIELDS FROM areas[0m
  [4;36;1mArea Load (0.000339)[0m   [0;1mSELECT * FROM areas WHERE (areas.`id` = 2) [0m
  [4;35;1mState Columns (0.002019)[0m   [0mSHOW FIELDS FROM states[0m
  [4;36;1mState Load (0.001098)[0m   [0;1mSELECT * FROM states WHERE (states.`id` = 1) [0m
  [4;35;1mNation Columns (0.001514)[0m   [0mSHOW FIELDS FROM nations[0m
  [4;36;1mNation Load (0.000395)[0m   [0;1mSELECT * FROM nations WHERE (nations.`id` = 1) [0m
  [4;35;1mTrackAka Load (0.000347)[0m   [0mSELECT * FROM track_akas WHERE (track_id = 1) [0m
  [4;36;1mTrackAka Columns (0.001314)[0m   [0;1mSHOW FIELDS FROM track_akas[0m
  [4;35;1mStatus Columns (0.001895)[0m   [0mSHOW FIELDS FROM statuses[0m
  [4;36;1mStatus Load (0.000455)[0m   [0;1mSELECT * FROM statuses WHERE (statuses.`id` = 4) [0m
  [4;35;1mGrade Columns (0.001444)[0m   [0mSHOW FIELDS FROM grades[0m
  [4;36;1mGrade Load (0.000327)[0m   [0;1mSELECT * FROM grades WHERE (grades.`id` = 3) [0m
  [4;35;1mCondition Columns (0.001419)[0m   [0mSHOW FIELDS FROM conditions[0m
  [4;36;1mCondition Load (0.000259)[0m   [0;1mSELECT * FROM conditions WHERE (conditions.`id` = 3) [0m
  [4;35;1mUser Columns (0.001904)[0m   [0mSHOW FIELDS FROM users[0m
  [4;36;1mUser Load (0.000295)[0m   [0;1mSELECT * FROM users WHERE (users.`id` = 1) [0m
  [4;35;1mUser Load (0.000290)[0m   [0mSELECT * FROM users WHERE (users.`id` = 1) LIMIT 1[0m
Rendered shared/_ie (0.00055)
Rendered track/_map_show (0.02075)
Rendered shared/_header (0.00144)
Rendered shared/_nav_home (0.00109)
Rendered shared/_nav_current (0.00068)
Rendered track/_nav_tracks (0.00302)
  [4;36;1mTrackReport Load (0.000473)[0m   [0;1mSELECT * FROM track_reports WHERE (track_id = 1 AND date > '2007-11-28 21:37:21') ORDER BY date DESC[0m
  [4;35;1mTrackReport Load (0.000217)[0m   [0mSELECT * FROM track_reports WHERE (track_id = 1) ORDER BY date DESC LIMIT 3[0m
Rendered track/_nav_extra (0.00938)
Rendered /shared/_navigator (0.01859)
Rendered shared/_body (0.01948)
Rendered shared/_footer (0.00062)
Completed in 0.32516 (3 reqs/sec) | Rendering: 0.21006 (64%) | DB: 0.02130 (6%) | 200 OK [http://localhost/track/show/1]
